<?xml version="1.0" encoding="UTF-8"?>
<testng-results ignored="0" total="1" passed="0" failed="0" skipped="1">
  <reporter-output>
  </reporter-output>
  <suite started-at="2023-05-16T10:56:09 IST" name="Default suite" finished-at="2023-05-16T10:56:09 IST" duration-ms="56">
    <groups>
    </groups>
    <test started-at="2023-05-16T10:56:09 IST" name="Default test" finished-at="2023-05-16T10:56:09 IST" duration-ms="56">
      <class name="product.CreateProductWithPOM">
        <test-method is-config="true" signature="bS()[pri:0, instance:product.CreateProductWithPOM@7d4f9aae]" started-at="2023-05-16T10:56:09 IST" name="bS" finished-at="2023-05-16T10:56:09 IST" duration-ms="7" status="PASS">
          <reporter-output>
          </reporter-output>
        </test-method> <!-- bS -->
        <test-method is-config="true" signature="bT()[pri:0, instance:product.CreateProductWithPOM@7d4f9aae]" started-at="2023-05-16T10:56:09 IST" name="bT" finished-at="2023-05-16T10:56:09 IST" duration-ms="1" status="PASS">
          <reporter-output>
          </reporter-output>
        </test-method> <!-- bT -->
        <test-method is-config="true" signature="bc(java.lang.String)[pri:0, instance:product.CreateProductWithPOM@7d4f9aae]" started-at="2023-05-16T10:56:09 IST" name="bc" finished-at="1970-01-01T05:30:00 IST" duration-ms="-1684214769936" status="FAIL">
          <exception class="org.testng.TestNGException">
            <message>
              <![CDATA[
Parameter 'BROWSER' is required by BeforeClass on method bc but has not been marked @Optional or defined
in C:\Users\maity\AppData\Local\Temp\testng-eclipse-1867627156\testng-customsuite.xml]]>
            </message>
            <full-stacktrace>
              <![CDATA[org.testng.TestNGException: 
Parameter 'BROWSER' is required by BeforeClass on method bc but has not been marked @Optional or defined
in C:\Users\maity\AppData\Local\Temp\testng-eclipse-1867627156\testng-customsuite.xml
at org.testng.internal.Parameters.createParams(Parameters.java:270)
at org.testng.internal.Parameters.createParametersForMethod(Parameters.java:358)
at org.testng.internal.Parameters.createParameters(Parameters.java:700)
at org.testng.internal.Parameters.createConfigurationParameters(Parameters.java:168)
at org.testng.internal.ConfigInvoker.invokeConfigurations(ConfigInvoker.java:302)
at org.testng.internal.TestMethodWorker.invokeBeforeClassMethods(TestMethodWorker.java:176)
at org.testng.internal.TestMethodWorker.run(TestMethodWorker.java:122)
at java.base/java.util.ArrayList.forEach(ArrayList.java:1511)
at org.testng.TestRunner.privateRun(TestRunner.java:794)
at org.testng.TestRunner.run(TestRunner.java:596)
at org.testng.SuiteRunner.runTest(SuiteRunner.java:377)
at org.testng.SuiteRunner.runSequentially(SuiteRunner.java:371)
at org.testng.SuiteRunner.privateRun(SuiteRunner.java:332)
at org.testng.SuiteRunner.run(SuiteRunner.java:276)
at org.testng.SuiteRunnerWorker.runSuite(SuiteRunnerWorker.java:53)
at org.testng.SuiteRunnerWorker.run(SuiteRunnerWorker.java:96)
at org.testng.TestNG.runSuitesSequentially(TestNG.java:1212)
at org.testng.TestNG.runSuitesLocally(TestNG.java:1134)
at org.testng.TestNG.runSuites(TestNG.java:1063)
at org.testng.TestNG.run(TestNG.java:1031)
at org.testng.remote.AbstractRemoteTestNG.run(AbstractRemoteTestNG.java:115)
at org.testng.remote.RemoteTestNG.initAndRun(RemoteTestNG.java:251)
at org.testng.remote.RemoteTestNG.main(RemoteTestNG.java:77)
]]>
            </full-stacktrace>
          </exception> <!-- org.testng.TestNGException -->
          <reporter-output>
          </reporter-output>
        </test-method> <!-- bc -->
        <test-method is-config="true" signature="bM()[pri:0, instance:product.CreateProductWithPOM@7d4f9aae]" started-at="2023-05-16T10:56:09 IST" name="bM" finished-at="1970-01-01T05:30:00 IST" duration-ms="-1684214769955" status="SKIP">
          <reporter-output>
          </reporter-output>
        </test-method> <!-- bM -->
        <test-method signature="createProduct()[pri:0, instance:product.CreateProductWithPOM@7d4f9aae]" started-at="2023-05-16T10:56:09 IST" name="createProduct" finished-at="2023-05-16T10:56:09 IST" duration-ms="1" status="SKIP">
          <exception class="org.testng.TestNGException">
            <message>
              <![CDATA[
Parameter 'BROWSER' is required by BeforeClass on method bc but has not been marked @Optional or defined
in C:\Users\maity\AppData\Local\Temp\testng-eclipse-1867627156\testng-customsuite.xml]]>
            </message>
            <full-stacktrace>
              <![CDATA[org.testng.TestNGException: 
Parameter 'BROWSER' is required by BeforeClass on method bc but has not been marked @Optional or defined
in C:\Users\maity\AppData\Local\Temp\testng-eclipse-1867627156\testng-customsuite.xml
at org.testng.internal.Parameters.createParams(Parameters.java:270)
at org.testng.internal.Parameters.createParametersForMethod(Parameters.java:358)
at org.testng.internal.Parameters.createParameters(Parameters.java:700)
at org.testng.internal.Parameters.createConfigurationParameters(Parameters.java:168)
at org.testng.internal.ConfigInvoker.invokeConfigurations(ConfigInvoker.java:302)
at org.testng.internal.TestMethodWorker.invokeBeforeClassMethods(TestMethodWorker.java:176)
at org.testng.internal.TestMethodWorker.run(TestMethodWorker.java:122)
at java.base/java.util.ArrayList.forEach(ArrayList.java:1511)
at org.testng.TestRunner.privateRun(TestRunner.java:794)
at org.testng.TestRunner.run(TestRunner.java:596)
at org.testng.SuiteRunner.runTest(SuiteRunner.java:377)
at org.testng.SuiteRunner.runSequentially(SuiteRunner.java:371)
at org.testng.SuiteRunner.privateRun(SuiteRunner.java:332)
at org.testng.SuiteRunner.run(SuiteRunner.java:276)
at org.testng.SuiteRunnerWorker.runSuite(SuiteRunnerWorker.java:53)
at org.testng.SuiteRunnerWorker.run(SuiteRunnerWorker.java:96)
at org.testng.TestNG.runSuitesSequentially(TestNG.java:1212)
at org.testng.TestNG.runSuitesLocally(TestNG.java:1134)
at org.testng.TestNG.runSuites(TestNG.java:1063)
at org.testng.TestNG.run(TestNG.java:1031)
at org.testng.remote.AbstractRemoteTestNG.run(AbstractRemoteTestNG.java:115)
at org.testng.remote.RemoteTestNG.initAndRun(RemoteTestNG.java:251)
at org.testng.remote.RemoteTestNG.main(RemoteTestNG.java:77)
]]>
            </full-stacktrace>
          </exception> <!-- org.testng.TestNGException -->
          <reporter-output>
          </reporter-output>
        </test-method> <!-- createProduct -->
        <test-method is-config="true" signature="aM()[pri:0, instance:product.CreateProductWithPOM@7d4f9aae]" started-at="2023-05-16T10:56:09 IST" name="aM" finished-at="1970-01-01T05:30:00 IST" duration-ms="-1684214769961" status="SKIP">
          <reporter-output>
          </reporter-output>
        </test-method> <!-- aM -->
        <test-method is-config="true" signature="aC()[pri:0, instance:product.CreateProductWithPOM@7d4f9aae]" started-at="2023-05-16T10:56:09 IST" name="aC" finished-at="1970-01-01T05:30:00 IST" duration-ms="-1684214769965" status="SKIP">
          <reporter-output>
          </reporter-output>
        </test-method> <!-- aC -->
        <test-method is-config="true" signature="aT()[pri:0, instance:product.CreateProductWithPOM@7d4f9aae]" started-at="2023-05-16T10:56:09 IST" name="aT" finished-at="2023-05-16T10:56:09 IST" duration-ms="1" status="PASS">
          <reporter-output>
          </reporter-output>
        </test-method> <!-- aT -->
        <test-method is-config="true" signature="aS()[pri:0, instance:product.CreateProductWithPOM@7d4f9aae]" started-at="2023-05-16T10:56:10 IST" name="aS" finished-at="2023-05-16T10:56:10 IST" duration-ms="0" status="PASS">
          <reporter-output>
          </reporter-output>
        </test-method> <!-- aS -->
      </class> <!-- product.CreateProductWithPOM -->
    </test> <!-- Default test -->
  </suite> <!-- Default suite -->
</testng-results>
